********************************************************************************
DUPLICATOR-LITE PACKAGE-LOG: August 20, 2021 12:21 pm
NOTICE: Do NOT post to public sites or forums 
********************************************************************************
VERSION:	1.4.2
WORDPRESS:	5.8
PHP INFO:	7.4.12 | SAPI: apache2handler
SERVER:		Apache/2.4.46 (Win64) OpenSSL/1.1.1h PHP/7.4.12 
PHP TIME LIMIT: (0) no time limit imposed 
PHP MAX MEMORY: 4294967296 (512M default) 
MEMORY STACK: 2MB

********************************************************************************
DATABASE:
********************************************************************************
BUILD MODE:   MYSQLDUMP
MYSQLTIMEOUT: 5000
MYSQLDUMP:    Is Supported
SQL CREATED: chefpost_2b06c4ede5e9a49f4405_20210820122121_database.sql
SQL FILE SIZE: 856.11KB (876661)
SQL FILE TIME: 2021-08-20 12:21:32
SQL RUNTIME: 2.26 sec.

********************************************************************************
ARCHIVE (ZIP):
********************************************************************************
ARCHIVE DIR:  C:/xampp/htdocs/chef-post
ARCHIVE FILE: chefpost_2b06c4ede5e9a49f4405_20210820122121_archive.zip
FILTERS: *OFF*
DIRS:
	not set
FILES:
	not set
EXTS:  not set
----------------------------------------
COMPRESSING
SIZE:	84.21MB
STATS:	Dirs 412 | Files 3,342
SQL ADDED: chefpost_2b06c4ede5e9a49f4405_20210820122121_database.sql
ZipArchive Object
(
    [status] => 0
    [statusSys] => 0
    [numFiles] => 3754
    [filename] => C:\xampp\htdocs\chef-post\wp-content\backups-dup-lite\tmp\chefpost_2b06c4ede5e9a49f4405_20210820122121_archive.zip
    [comment] => 
)

FILE ADDED TO ZIP: 3753
COMPRESSION RESULT: '1'
COMPRESSED SIZE: 39.2MB
ARCHIVE RUNTIME: 64.56 sec.
MEMORY STACK: 4MB
building installer
add_extra_files1
add_extra_files2
add_extra_files3
add_extra_files4
Doing archive file check
add_extra_files5
add_extra_files6
add_extra_files8
Successfully opened zip C:/xampp/htdocs/chef-post/wp-content/backups-dup-lite/tmp/chefpost_2b06c4ede5e9a49f4405_20210820122121_archive.zip
Adding enhanced installer files to archive using ZipArchive
Installer files added to archive
Added to archive
After ziparchive close when adding installer

********************************************************************************
INTEGRITY CHECKS:
********************************************************************************
SQL FILE: 856.11KB
INSTALLER FILE: 64.25KB
ARCHIVE FILE: 40.56MB 
EXPECTED FILE/DIRECTORY COUNT: 3,754
ACTUAL FILE/DIRECTORY COUNT: 3,753
ARCHIVE CONSISTENCY TEST: Pass

********************************************************************************
RECORD ID:[1]
TOTAL PROCESS RUNTIME: 68.24 sec.
PEAK PHP MEMORY USED: 4MB
DONE PROCESSING => chefpost August 20, 2021 12:22 pm

